app/build/outputs/logs/manifest-merger-debug-report.txt
-- Merging decision tree log ---
manifest
ADDED from src\main\AndroidManifest.xml:1:1-175:12
	package
		ADDED from src\main\AndroidManifest.xml:2:5-64
		INJECTED from src\main\AndroidManifest.xml
		INJECTED from src\main\AndroidManifest.xml
	android:versionName
		ADDED from src\main\AndroidManifest.xml:4:5-30
		INJECTED from src\main\AndroidManifest.xml
		INJECTED from src\main\AndroidManifest.xml
	android:versionCode
		ADDED from src\main\AndroidManifest.xml:3:5-28
		INJECTED from src\main\AndroidManifest.xml
		INJECTED from src\main\AndroidManifest.xml
	xmlns:android
		ADDED from src\main\AndroidManifest.xml:1:11-69
uses-sdk
ADDED from src\main\AndroidManifest.xml:7:5-9:11
MERGED from [com.facebook.android:facebook-android-sdk:4.42.0] AndroidManifest.xml:24:5-26:41
MERGED from [com.facebook.android:facebook-login:4.42.0] AndroidManifest.xml:24:5-26:41
MERGED from [com.facebook.android:facebook-share:4.42.0] AndroidManifest.xml:24:5-26:41
MERGED from [com.facebook.android:facebook-common:4.42.0] AndroidManifest.xml:24:5-26:41
MERGED from [com.android.support:cardview-v7:27.0.2] AndroidManifest.xml:20:5-44
MERGED from [com.android.support:customtabs:27.0.2] AndroidManifest.xml:20:5-44
MERGED from [com.facebook.android:facebook-places:4.42.0] AndroidManifest.xml:24:5-26:41
MERGED from [com.facebook.android:facebook-applinks:4.42.0] AndroidManifest.xml:24:5-26:41
MERGED from [com.facebook.android:facebook-messenger:4.42.0] AndroidManifest.xml:24:5-26:41
MERGED from [com.facebook.android:facebook-core:4.42.0] AndroidManifest.xml:24:5-26:41
MERGED from [com.google.android.gms:play-services-ads:10.2.4] AndroidManifest.xml:17:5-43
MERGED from [com.google.android.gms:play-services-ads-lite:10.2.4] AndroidManifest.xml:22:5-43
MERGED from [com.google.android.gms:play-services-clearcut:10.2.4] AndroidManifest.xml:17:5-43
MERGED from [com.google.android.gms:play-services-base:10.2.4] AndroidManifest.xml:17:5-43
MERGED from [com.google.android.gms:play-services-tasks:10.2.4] AndroidManifest.xml:3:5-43
MERGED from [com.google.android.gms:play-services-gass:10.2.4] AndroidManifest.xml:3:5-43
MERGED from [com.google.android.gms:play-services-basement:10.2.4] AndroidManifest.xml:17:5-43
MERGED from [com.android.support:appcompat-v7:27.0.2] AndroidManifest.xml:20:5-44
MERGED from [com.android.support:animated-vector-drawable:27.0.2] AndroidManifest.xml:20:5-44
MERGED from [com.android.support:support-vector-drawable:27.0.2] AndroidManifest.xml:20:5-44
MERGED from [com.android.support:support-v13:26.1.0] AndroidManifest.xml:21:5-23:55
MERGED from [com.android.support:support-v4:27.0.2] AndroidManifest.xml:20:5-44
MERGED from [com.android.support:support-media-compat:27.0.2] AndroidManifest.xml:20:5-44
MERGED from [com.android.support:support-fragment:27.0.2] AndroidManifest.xml:20:5-44
MERGED from [com.android.support:support-core-ui:27.0.2] AndroidManifest.xml:20:5-44
MERGED from [com.android.support:support-core-utils:27.0.2] AndroidManifest.xml:20:5-44
MERGED from [com.android.support:support-compat:27.0.2] AndroidManifest.xml:20:5-44
MERGED from [android.arch.lifecycle:runtime:1.0.3] AndroidManifest.xml:20:5-22:41
	tools:overrideLibrary
		ADDED from [com.android.support:support-v13:26.1.0] AndroidManifest.xml:23:9-52
	android:targetSdkVersion
		INJECTED from src\main\AndroidManifest.xml
		INJECTED from src\main\AndroidManifest.xml
	android:minSdkVersion
		ADDED from src\main\AndroidManifest.xml:8:9-35
		INJECTED from src\main\AndroidManifest.xml
		INJECTED from src\main\AndroidManifest.xml
uses-permission#android.permission.ACTION_MANAGE_OVERLAY_PERMISSION
ADDED from src\main\AndroidManifest.xml:11:5-90
	android:name
		ADDED from src\main\AndroidManifest.xml:11:22-88
uses-permission#android.permission.READ_EXTERNAL_STORAGE
ADDED from src\main\AndroidManifest.xml:12:5-80
	android:name
		ADDED from src\main\AndroidManifest.xml:12:22-77
uses-permission#android.permission.INTERNET
ADDED from src\main\AndroidManifest.xml:13:5-67
MERGED from [com.google.android.gms:play-services-ads-lite:10.2.4] AndroidManifest.xml:19:5-66
	android:name
		ADDED from src\main\AndroidManifest.xml:13:22-64
uses-permission#android.permission.SYSTEM_ALERT_WINDOW
ADDED from src\main\AndroidManifest.xml:14:5-78
	android:name
		ADDED from src\main\AndroidManifest.xml:14:22-75
uses-permission#android.permission.ACCESS_NETWORK_STATE
ADDED from src\main\AndroidManifest.xml:15:5-79
MERGED from [com.google.android.gms:play-services-ads-lite:10.2.4] AndroidManifest.xml:20:5-78
	android:name
		ADDED from src\main\AndroidManifest.xml:15:22-76
application
ADDED from src\main\AndroidManifest.xml:18:5-173:19
MERGED from [com.facebook.android:facebook-android-sdk:4.42.0] AndroidManifest.xml:28:5-29:19
MERGED from [com.facebook.android:facebook-login:4.42.0] AndroidManifest.xml:28:5-29:19
MERGED from [com.facebook.android:facebook-share:4.42.0] AndroidManifest.xml:28:5-29:19
MERGED from [com.facebook.android:facebook-common:4.42.0] AndroidManifest.xml:28:5-35:19
MERGED from [com.facebook.android:facebook-places:4.42.0] AndroidManifest.xml:28:5-29:19
MERGED from [com.facebook.android:facebook-applinks:4.42.0] AndroidManifest.xml:28:5-29:19
MERGED from [com.facebook.android:facebook-messenger:4.42.0] AndroidManifest.xml:28:5-29:19
MERGED from [com.facebook.android:facebook-core:4.42.0] AndroidManifest.xml:28:5-51:19
MERGED from [com.google.android.gms:play-services-ads-lite:10.2.4] AndroidManifest.xml:23:5-27:19
MERGED from [com.google.android.gms:play-services-clearcut:10.2.4] AndroidManifest.xml:18:5-19
MERGED from [com.google.android.gms:play-services-base:10.2.4] AndroidManifest.xml:18:5-20:19
MERGED from [com.google.android.gms:play-services-tasks:10.2.4] AndroidManifest.xml:4:5-19
MERGED from [com.google.android.gms:play-services-gass:10.2.4] AndroidManifest.xml:4:5-19
MERGED from [com.google.android.gms:play-services-basement:10.2.4] AndroidManifest.xml:19:5-21:19
MERGED from [com.android.support:support-v13:26.1.0] AndroidManifest.xml:25:5-29:19
	android:label
		ADDED from src\main\AndroidManifest.xml:20:9-41
	android:supportsRtl
		ADDED from src\main\AndroidManifest.xml:25:9-35
	android:allowBackup
		ADDED from src\main\AndroidManifest.xml:23:9-35
	android:icon
		ADDED from src\main\AndroidManifest.xml:21:9-42
	android:largeHeap
		ADDED from src\main\AndroidManifest.xml:24:9-33
	android:theme
		ADDED from src\main\AndroidManifest.xml:22:9-40
	android:name
		ADDED from src\main\AndroidManifest.xml:19:9-41
activity#com.google.android.gms.ads.AdActivity
ADDED from src\main\AndroidManifest.xml:27:9-30:64
MERGED from [com.google.android.gms:play-services-ads-lite:10.2.4] AndroidManifest.xml:25:9-232
	android:configChanges
		ADDED from src\main\AndroidManifest.xml:29:13-122
	android:theme
		ADDED from src\main\AndroidManifest.xml:30:13-61
	android:name
		ADDED from src\main\AndroidManifest.xml:28:13-65
meta-data#com.google.android.gms.version
ADDED from src\main\AndroidManifest.xml:31:9-33:69
MERGED from [com.google.android.gms:play-services-basement:10.2.4] AndroidManifest.xml:20:9-121
	android:value
		ADDED from src\main\AndroidManifest.xml:33:13-66
	android:name
		ADDED from src\main\AndroidManifest.xml:32:13-58
meta-data#com.facebook.sdk.ApplicationId
ADDED from src\main\AndroidManifest.xml:34:9-37:21
	android:value
		ADDED from src\main\AndroidManifest.xml:36:13-52
	android:name
		ADDED from src\main\AndroidManifest.xml:35:13-58
provider#com.facebook.FacebookContentProvider
ADDED from src\main\AndroidManifest.xml:38:9-40:38
	android:authorities
		ADDED from src\main\AndroidManifest.xml:38:19-96
	android:exported
		ADDED from src\main\AndroidManifest.xml:40:13-36
	android:name
		ADDED from src\main\AndroidManifest.xml:39:13-64
activity#com.neonto.exportedByUser_s2461812465168012.MyApp.GeneralSettingActivity
ADDED from src\main\AndroidManifest.xml:42:9-47:20
	android:screenOrientation
		ADDED from src\main\AndroidManifest.xml:46:13-49
	android:label
		ADDED from src\main\AndroidManifest.xml:44:13-35
	android:configChanges
		ADDED from src\main\AndroidManifest.xml:45:13-59
	android:name
		ADDED from src\main\AndroidManifest.xml:43:13-51
activity#com.neonto.exportedByUser_s2461812465168012.MyApp.SettingActivity
ADDED from src\main\AndroidManifest.xml:49:9-54:20
	android:screenOrientation
		ADDED from src\main\AndroidManifest.xml:53:13-49
	android:label
		ADDED from src\main\AndroidManifest.xml:51:13-35
	android:configChanges
		ADDED from src\main\AndroidManifest.xml:52:13-59
	android:name
		ADDED from src\main\AndroidManifest.xml:50:13-44
activity#com.neonto.exportedByUser_s2461812465168012.MyApp.AlarmActivity
ADDED from src\main\AndroidManifest.xml:56:9-61:20
	android:screenOrientation
		ADDED from src\main\AndroidManifest.xml:60:13-49
	android:label
		ADDED from src\main\AndroidManifest.xml:58:13-35
	android:configChanges
		ADDED from src\main\AndroidManifest.xml:59:13-59
	android:name
		ADDED from src\main\AndroidManifest.xml:57:13-42
activity#com.neonto.exportedByUser_s2461812465168012.MyApp.AlarmSettingActivity
ADDED from src\main\AndroidManifest.xml:63:9-68:20
	android:screenOrientation
		ADDED from src\main\AndroidManifest.xml:67:13-49
	android:label
		ADDED from src\main\AndroidManifest.xml:65:13-35
	android:configChanges
		ADDED from src\main\AndroidManifest.xml:66:13-59
	android:name
		ADDED from src\main\AndroidManifest.xml:64:13-49
activity#com.neonto.exportedByUser_s2461812465168012.MyApp.AlarmScreenActivity
ADDED from src\main\AndroidManifest.xml:70:9-75:20
	android:screenOrientation
		ADDED from src\main\AndroidManifest.xml:74:13-49
	android:label
		ADDED from src\main\AndroidManifest.xml:72:13-35
	android:configChanges
		ADDED from src\main\AndroidManifest.xml:73:13-59
	android:name
		ADDED from src\main\AndroidManifest.xml:71:13-48
activity#com.neonto.exportedByUser_s2461812465168012.MyApp.TabBar1Activity
ADDED from src\main\AndroidManifest.xml:77:9-86:20
	android:screenOrientation
		ADDED from src\main\AndroidManifest.xml:81:13-49
	android:label
		ADDED from src\main\AndroidManifest.xml:79:13-35
	android:configChanges
		ADDED from src\main\AndroidManifest.xml:80:13-59
	android:name
		ADDED from src\main\AndroidManifest.xml:78:13-44
intent-filter#android.intent.action.MAIN+android.intent.category.LAUNCHER
ADDED from src\main\AndroidManifest.xml:82:13-85:29
action#android.intent.action.MAIN
ADDED from src\main\AndroidManifest.xml:83:17-69
	android:name
		ADDED from src\main\AndroidManifest.xml:83:25-66
category#android.intent.category.LAUNCHER
ADDED from src\main\AndroidManifest.xml:84:17-77
	android:name
		ADDED from src\main\AndroidManifest.xml:84:27-74
activity#com.neonto.exportedByUser_s2461812465168012.MyApp.SleepingDataActivity
ADDED from src\main\AndroidManifest.xml:88:9-93:20
	android:screenOrientation
		ADDED from src\main\AndroidManifest.xml:92:13-49
	android:label
		ADDED from src\main\AndroidManifest.xml:90:13-35
	android:configChanges
		ADDED from src\main\AndroidManifest.xml:91:13-59
	android:name
		ADDED from src\main\AndroidManifest.xml:89:13-49
activity#com.neonto.exportedByUser_s2461812465168012.MyApp.RecordDetailActivity
ADDED from src\main\AndroidManifest.xml:95:9-100:20
	android:screenOrientation
		ADDED from src\main\AndroidManifest.xml:99:13-49
	android:label
		ADDED from src\main\AndroidManifest.xml:97:13-35
	android:configChanges
		ADDED from src\main\AndroidManifest.xml:98:13-59
	android:name
		ADDED from src\main\AndroidManifest.xml:96:13-49
activity#com.neonto.exportedByUser_s2461812465168012.MyApp.StopWatchTimerSettingsActivity
ADDED from src\main\AndroidManifest.xml:102:9-107:20
	android:screenOrientation
		ADDED from src\main\AndroidManifest.xml:106:13-49
	android:label
		ADDED from src\main\AndroidManifest.xml:104:13-35
	android:configChanges
		ADDED from src\main\AndroidManifest.xml:105:13-59
	android:name
		ADDED from src\main\AndroidManifest.xml:103:13-59
activity#com.neonto.exportedByUser_s2461812465168012.MyApp.RecordSaveActivity
ADDED from src\main\AndroidManifest.xml:109:9-114:20
	android:screenOrientation
		ADDED from src\main\AndroidManifest.xml:113:13-49
	android:label
		ADDED from src\main\AndroidManifest.xml:111:13-35
	android:configChanges
		ADDED from src\main\AndroidManifest.xml:112:13-59
	android:name
		ADDED from src\main\AndroidManifest.xml:110:13-47
activity#com.neonto.exportedByUser_s2461812465168012.MyApp.TimerActivity
ADDED from src\main\AndroidManifest.xml:116:9-121:20
	android:screenOrientation
		ADDED from src\main\AndroidManifest.xml:120:13-49
	android:label
		ADDED from src\main\AndroidManifest.xml:118:13-35
	android:configChanges
		ADDED from src\main\AndroidManifest.xml:119:13-59
	android:name
		ADDED from src\main\AndroidManifest.xml:117:13-42
activity#com.neonto.exportedByUser_s2461812465168012.MyApp.MoreActivity
ADDED from src\main\AndroidManifest.xml:123:9-128:20
	android:screenOrientation
		ADDED from src\main\AndroidManifest.xml:127:13-49
	android:label
		ADDED from src\main\AndroidManifest.xml:125:13-35
	android:configChanges
		ADDED from src\main\AndroidManifest.xml:126:13-59
	android:name
		ADDED from src\main\AndroidManifest.xml:124:13-41
activity#com.neonto.exportedByUser_s2461812465168012.MyApp.StopWatchActivity
ADDED from src\main\AndroidManifest.xml:130:9-135:20
	android:screenOrientation
		ADDED from src\main\AndroidManifest.xml:134:13-49
	android:label
		ADDED from src\main\AndroidManifest.xml:132:13-35
	android:configChanges
		ADDED from src\main\AndroidManifest.xml:133:13-59
	android:name
		ADDED from src\main\AndroidManifest.xml:131:13-46
activity#com.neonto.exportedByUser_s2461812465168012.MyApp.RecordStopwatchListActivity
ADDED from src\main\AndroidManifest.xml:137:9-142:20
	android:screenOrientation
		ADDED from src\main\AndroidManifest.xml:141:13-49
	android:label
		ADDED from src\main\AndroidManifest.xml:139:13-35
	android:configChanges
		ADDED from src\main\AndroidManifest.xml:140:13-59
	android:name
		ADDED from src\main\AndroidManifest.xml:138:13-56
activity#com.neonto.exportedByUser_s2461812465168012.MyApp.SleepingTrackActivity
ADDED from src\main\AndroidManifest.xml:144:9-149:20
	android:screenOrientation
		ADDED from src\main\AndroidManifest.xml:148:13-49
	android:label
		ADDED from src\main\AndroidManifest.xml:146:13-35
	android:configChanges
		ADDED from src\main\AndroidManifest.xml:147:13-59
	android:name
		ADDED from src\main\AndroidManifest.xml:145:13-50
activity#com.neonto.exportedByUser_s2461812465168012.MyApp.SetAlarmActivity
ADDED from src\main\AndroidManifest.xml:151:9-156:20
	android:screenOrientation
		ADDED from src\main\AndroidManifest.xml:155:13-49
	android:label
		ADDED from src\main\AndroidManifest.xml:153:13-35
	android:configChanges
		ADDED from src\main\AndroidManifest.xml:154:13-59
	android:name
		ADDED from src\main\AndroidManifest.xml:152:13-45
activity#com.neonto.exportedByUser_s2461812465168012.MyApp.SleepingActivity
ADDED from src\main\AndroidManifest.xml:158:9-163:20
	android:screenOrientation
		ADDED from src\main\AndroidManifest.xml:162:13-49
	android:label
		ADDED from src\main\AndroidManifest.xml:160:13-35
	android:configChanges
		ADDED from src\main\AndroidManifest.xml:161:13-59
	android:name
		ADDED from src\main\AndroidManifest.xml:159:13-45
activity#com.neonto.exportedByUser_s2461812465168012.MyApp.ContactUsActivity
ADDED from src\main\AndroidManifest.xml:165:9-170:20
	android:screenOrientation
		ADDED from src\main\AndroidManifest.xml:169:13-49
	android:label
		ADDED from src\main\AndroidManifest.xml:167:13-35
	android:configChanges
		ADDED from src\main\AndroidManifest.xml:168:13-59
	android:name
		ADDED from src\main\AndroidManifest.xml:166:13-46
activity#com.facebook.FacebookActivity
ADDED from [com.facebook.android:facebook-common:4.42.0] AndroidManifest.xml:29:9-32:66
	android:configChanges
		ADDED from [com.facebook.android:facebook-common:4.42.0] AndroidManifest.xml:31:13-96
	android:theme
		ADDED from [com.facebook.android:facebook-common:4.42.0] AndroidManifest.xml:32:13-63
	android:name
		ADDED from [com.facebook.android:facebook-common:4.42.0] AndroidManifest.xml:30:13-57
activity#com.facebook.CustomTabMainActivity
ADDED from [com.facebook.android:facebook-common:4.42.0] AndroidManifest.xml:33:9-71
	android:name
		ADDED from [com.facebook.android:facebook-common:4.42.0] AndroidManifest.xml:33:19-68
activity#com.facebook.CustomTabActivity
ADDED from [com.facebook.android:facebook-common:4.42.0] AndroidManifest.xml:34:9-67
	android:name
		ADDED from [com.facebook.android:facebook-common:4.42.0] AndroidManifest.xml:34:19-64
provider#com.facebook.internal.FacebookInitProvider
ADDED from [com.facebook.android:facebook-core:4.42.0] AndroidManifest.xml:39:9-42:40
	android:authorities
		ADDED from [com.facebook.android:facebook-core:4.42.0] AndroidManifest.xml:41:13-72
	android:exported
		ADDED from [com.facebook.android:facebook-core:4.42.0] AndroidManifest.xml:42:13-37
	android:name
		ADDED from [com.facebook.android:facebook-core:4.42.0] AndroidManifest.xml:40:13-70
receiver#com.facebook.CurrentAccessTokenExpirationBroadcastReceiver
ADDED from [com.facebook.android:facebook-core:4.42.0] AndroidManifest.xml:44:9-50:20
	android:exported
		ADDED from [com.facebook.android:facebook-core:4.42.0] AndroidManifest.xml:46:13-37
	android:name
		ADDED from [com.facebook.android:facebook-core:4.42.0] AndroidManifest.xml:45:13-86
intent-filter#com.facebook.sdk.ACTION_CURRENT_ACCESS_TOKEN_CHANGED
ADDED from [com.facebook.android:facebook-core:4.42.0] AndroidManifest.xml:47:13-49:29
action#com.facebook.sdk.ACTION_CURRENT_ACCESS_TOKEN_CHANGED
ADDED from [com.facebook.android:facebook-core:4.42.0] AndroidManifest.xml:48:17-95
	android:name
		ADDED from [com.facebook.android:facebook-core:4.42.0] AndroidManifest.xml:48:25-92
activity#com.google.android.gms.ads.purchase.InAppPurchaseActivity
ADDED from [com.google.android.gms:play-services-ads-lite:10.2.4] AndroidManifest.xml:26:9-131
	android:theme
		ADDED from [com.google.android.gms:play-services-ads-lite:10.2.4] AndroidManifest.xml:26:92-129
	android:name
		ADDED from [com.google.android.gms:play-services-ads-lite:10.2.4] AndroidManifest.xml:26:19-91
activity#com.google.android.gms.common.api.GoogleApiActivity
ADDED from [com.google.android.gms:play-services-base:10.2.4] AndroidManifest.xml:19:9-172
	android:exported
		ADDED from [com.google.android.gms:play-services-base:10.2.4] AndroidManifest.xml:19:146-170
	android:theme
		ADDED from [com.google.android.gms:play-services-base:10.2.4] AndroidManifest.xml:19:86-145
	android:name
		ADDED from [com.google.android.gms:play-services-base:10.2.4] AndroidManifest.xml:19:19-85
meta-data#android.support.VERSION
ADDED from [com.android.support:support-v13:26.1.0] AndroidManifest.xml:26:9-28:38
	android:value
		ADDED from [com.android.support:support-v13:26.1.0] AndroidManifest.xml:28:13-35
	android:name
		ADDED from [com.android.support:support-v13:26.1.0] AndroidManifest.xml:27:13-51